<?xml version="1.0" encoding="UTF-8"?>
<!-- Generated by org.testng.reporters.JUnitReportReporter -->
<testsuite hostname="DESKTOP-2LM1G75" failures="0" tests="1" name="testNGBasic.Login" time="21.245" errors="0" timestamp="2023-07-16T13:44:49 WAT" skipped="0">
  <testcase classname="testNGBasic.Login" name="loginWithValidCredentiels" time="21.245"/>
  <system-out/>
</testsuite> <!-- testNGBasic.Login -->
