<?xml version="1.0" encoding="UTF-8"?>
<!-- Generated by org.testng.reporters.JUnitReportReporter -->
<testsuite hostname="DESKTOP-2LM1G75" failures="0" tests="1" name="testnghooks.SignUp_01" time="0.009" errors="0" timestamp="2023-07-18T10:15:22 WAT" skipped="0">
  <testcase classname="testnghooks.SignUp_01" name="signUp" time="0.009"/>
  <system-out/>
</testsuite> <!-- testnghooks.SignUp_01 -->
