<?xml version="1.0" encoding="UTF-8"?>
<!-- Generated by org.testng.reporters.JUnitReportReporter -->
<testsuite hostname="DESKTOP-2LM1G75" failures="0" tests="2" name="testngGroups.Login" time="0.019" errors="0" timestamp="2023-07-18T10:40:58 WAT" skipped="0">
  <testcase classname="testngGroups.Login" name="checkGeneralUi" time="0.015"/>
  <system-out/>
  <testcase classname="testngGroups.Login" name="loginWithCorrectCreds" time="0.004"/>
  <system-out/>
</testsuite> <!-- testngGroups.Login -->
