<?xml version="1.0" encoding="UTF-8"?>
<!-- Generated by org.testng.reporters.JUnitReportReporter -->
<testsuite hostname="DESKTOP-2LM1G75" failures="0" tests="2" name="testnghooks.Login_01" time="0.015" errors="0" timestamp="2023-07-18T10:15:22 WAT" skipped="0">
  <testcase classname="testnghooks.Login_01" name="LoginWithIncorrectCreds" time="0.005"/>
  <system-out/>
  <testcase classname="testnghooks.Login_01" name="LoginWithCorrectCreds" time="0.010"/>
  <system-out/>
</testsuite> <!-- testnghooks.Login_01 -->
